2026-07-05 00:00:01,776 - INFO - ? Backup OK [2026-07-05 00:00:01]
2026-07-05 02:24:15,130 - INFO - ========================== ID nhan duoc: 3416214b94002b7ca2098487 =====================================
2026-07-05 02:24:15,205 - INFO - >>>>===Step 1
2026-07-05 02:24:15,237 - INFO - Bai xe con trong: 33 cho
2026-07-05 02:24:15,498 - INFO - ========****DATA RAW: 47 ****========
2026-07-05 02:24:15,517 - INFO - Xe khong ton tai trong he thong!
2026-07-05 02:24:16,519 - INFO - >>> Barrier CLOSE
2026-07-05 02:24:16,519 - INFO - >>>>===Step 2
2026-07-05 02:38:25,960 - INFO - ========================== ID nhan duoc: 3416214b94008b36a2056615 =====================================
2026-07-05 02:38:26,028 - INFO - >>>>===Step 1
2026-07-05 02:38:26,053 - INFO - Bai xe con trong: 33 cho
2026-07-05 02:38:26,223 - INFO - ========****DATA RAW: 47 ****========
2026-07-05 02:38:26,238 - INFO - Xe khong ton tai trong he thong!
2026-07-05 02:38:28,241 - INFO - >>> Barrier CLOSE
2026-07-05 02:38:28,241 - INFO - >>>>===Step 2
2026-07-05 06:50:30,584 - INFO - ========================== ID nhan duoc: 3416214b88f7000008436967 =====================================
2026-07-05 06:50:30,646 - INFO - >>>>===Step 1
2026-07-05 06:50:30,657 - INFO - Bai xe con trong: 33 cho
2026-07-05 06:50:30,759 - INFO - ========****DATA RAW: 47 ****========
2026-07-05 06:50:30,769 - INFO - Xe khong ton tai trong he thong!
2026-07-05 06:50:35,738 - INFO - >>> Barrier CLOSE
2026-07-05 06:50:35,738 - INFO - >>>>===Step 2
2026-07-05 06:51:41,308 - INFO - ========================== ID nhan duoc: 3416214b94001222a206f74e =====================================
2026-07-05 06:51:41,340 - INFO - >>>>===Step 1
2026-07-05 06:51:41,351 - INFO - Bai xe con trong: 33 cho
2026-07-05 06:51:41,439 - INFO - ========****DATA RAW: 47 ****========
2026-07-05 06:51:41,450 - INFO - Xe khong ton tai trong he thong!
2026-07-05 06:51:43,453 - INFO - >>> Barrier CLOSE
2026-07-05 06:51:43,453 - INFO - >>>>===Step 2
2026-07-05 07:11:39,710 - INFO - ========================== ID nhan duoc: 3416214b9400ad04000515fd =====================================
2026-07-05 07:11:39,740 - INFO - >>>>===Step 1
2026-07-05 07:11:39,751 - INFO - Bai xe con trong: 33 cho
2026-07-05 07:11:39,768 - INFO - >>> Barrier OPEN
2026-07-05 07:11:39,852 - INFO - ========****DATA RAW: 47 ****========
2026-07-05 07:11:39,862 - INFO - Thoi gian vao:2026-07-05 00:11:39.740586+00:00
2026-07-05 07:11:42,721 - INFO - >>> Barrier CLOSE
2026-07-05 07:11:42,721 - INFO - >>>>===Step 2
2026-07-05 07:18:42,246 - INFO - ========================== ID nhan duoc: 3416214b9400cdd2a10fdcc7 =====================================
2026-07-05 07:18:42,310 - INFO - >>>>===Step 1
2026-07-05 07:18:42,322 - INFO - Bai xe con trong: 33 cho
2026-07-05 07:18:42,335 - INFO - >>> Barrier OPEN
2026-07-05 07:18:42,426 - INFO - ========****DATA RAW: 47 ****========
2026-07-05 07:18:42,436 - INFO - Thoi gian vao:2026-07-05 00:18:42.310774+00:00
2026-07-05 07:18:47,384 - INFO - >>> Barrier CLOSE
2026-07-05 07:18:47,387 - INFO - >>>>===Step 2
2026-07-05 07:31:27,682 - INFO - ========================== ID nhan duoc: 3416214b8852000008478860 =====================================
2026-07-05 07:31:27,711 - INFO - >>>>===Step 1
2026-07-05 07:31:27,721 - INFO - Bai xe con trong: 33 cho
2026-07-05 07:31:27,742 - INFO - >>> Barrier OPEN
2026-07-05 07:31:27,812 - INFO - ========****DATA RAW: 47 ****========
2026-07-05 07:31:27,822 - INFO - Thoi gian vao:2026-07-05 00:31:27.711768+00:00
2026-07-05 07:31:32,916 - INFO - >>> Barrier CLOSE
2026-07-05 07:31:32,918 - INFO - >>>>===Step 2
2026-07-05 07:37:54,271 - INFO - ========================== ID nhan duoc: 3416214b88d9360002764400 =====================================
2026-07-05 07:37:54,302 - INFO - >>>>===Step 1
2026-07-05 07:37:54,312 - INFO - Bai xe con trong: 33 cho
2026-07-05 07:37:54,336 - INFO - >>> Barrier OPEN
2026-07-05 07:37:54,409 - INFO - ========****DATA RAW: 47 ****========
2026-07-05 07:37:54,419 - INFO - Thoi gian vao:2026-07-05 00:37:54.302465+00:00
2026-07-05 07:37:58,328 - INFO - >>> Barrier CLOSE
2026-07-05 07:37:58,328 - INFO - >>>>===Step 2
2026-07-05 07:41:01,279 - INFO - ========================== ID nhan duoc: 3416214b9400154ea104110e =====================================
2026-07-05 07:41:01,310 - INFO - >>>>===Step 1
2026-07-05 07:41:01,322 - INFO - Bai xe con trong: 33 cho
2026-07-05 07:41:01,334 - INFO - >>> Barrier OPEN
2026-07-05 07:41:01,423 - INFO - ========****DATA RAW: 47 ****========
2026-07-05 07:41:01,434 - INFO - Thoi gian vao:2026-07-05 00:41:01.310720+00:00
2026-07-05 07:41:05,440 - INFO - >>> Barrier CLOSE
2026-07-05 07:41:05,440 - INFO - >>>>===Step 2
2026-07-05 08:20:11,595 - INFO - ========================== ID nhan duoc: 3416214b8850730002818800 =====================================
2026-07-05 08:20:11,654 - INFO - >>>>===Step 1
2026-07-05 08:20:11,664 - INFO - Bai xe con trong: 33 cho
2026-07-05 08:20:11,686 - INFO - >>> Barrier OPEN
2026-07-05 08:20:11,773 - INFO - ========****DATA RAW: 47 ****========
2026-07-05 08:20:11,783 - INFO - Thoi gian vao:2026-07-05 01:20:11.654466+00:00
2026-07-05 08:20:16,812 - INFO - >>> Barrier CLOSE
2026-07-05 08:20:16,813 - INFO - >>>>===Step 2
2026-07-05 09:54:27,403 - INFO - ========================== ID nhan duoc: 3416214b88fd770006277420 =====================================
2026-07-05 09:54:27,480 - INFO - >>>>===Step 1
2026-07-05 09:54:27,510 - INFO - Bai xe con trong: 33 cho
2026-07-05 09:54:27,721 - INFO - ========****DATA RAW: 47 ****========
2026-07-05 09:54:27,735 - INFO - Xe khong ton tai trong he thong!
2026-07-05 09:54:29,738 - INFO - >>> Barrier CLOSE
2026-07-05 09:54:29,738 - INFO - >>>>===Step 2
2026-07-05 13:43:40,782 - INFO - ========================== ID nhan duoc: 3416214b940069e8a2098492 =====================================
2026-07-05 13:43:40,884 - INFO - >>>>===Step 1
2026-07-05 13:43:40,917 - INFO - Bai xe con trong: 33 cho
2026-07-05 13:43:41,176 - INFO - ========****DATA RAW: 47 ****========
2026-07-05 13:43:41,191 - INFO - Xe khong ton tai trong he thong!
2026-07-05 13:43:42,193 - INFO - >>> Barrier CLOSE
2026-07-05 13:43:42,194 - INFO - >>>>===Step 2
2026-07-05 17:00:01,462 - INFO - ? Backup OK [2026-07-05 17:00:01]
2026-07-05 17:12:16,892 - INFO - ========================== ID nhan duoc: 3416214b9400a7360203bd78 =====================================
2026-07-05 17:12:16,920 - INFO - >>>>===Step 1
2026-07-05 17:12:16,944 - INFO - Bai xe con trong: 33 cho
2026-07-05 17:12:16,973 - INFO - >>> Barrier OPEN
2026-07-05 17:12:17,152 - INFO - ========****DATA RAW: 47 ****========
2026-07-05 17:12:17,162 - INFO - Thoi gian vao:2026-07-05 10:12:16.920934+00:00
2026-07-05 17:12:21,935 - INFO - >>> Barrier CLOSE
2026-07-05 17:12:21,935 - INFO - >>>>===Step 2
2026-07-05 17:40:50,101 - INFO - ========================== ID nhan duoc: 3416214b88f7000008436967 =====================================
2026-07-05 17:40:50,136 - INFO - >>>>===Step 1
2026-07-05 17:40:50,147 - INFO - Bai xe con trong: 33 cho
2026-07-05 17:40:50,281 - INFO - ========****DATA RAW: 47 ****========
2026-07-05 17:40:50,296 - INFO - Xe khong ton tai trong he thong!
2026-07-05 17:40:55,159 - INFO - >>> Barrier CLOSE
2026-07-05 17:40:55,159 - INFO - >>>>===Step 2
2026-07-05 17:44:12,146 - INFO - ========================== ID nhan duoc: 3416214b94002b7ca2098487 =====================================
2026-07-05 17:44:12,177 - INFO - >>>>===Step 1
2026-07-05 17:44:12,188 - INFO - Bai xe con trong: 33 cho
2026-07-05 17:44:12,282 - INFO - ========****DATA RAW: 47 ****========
2026-07-05 17:44:12,292 - INFO - Xe khong ton tai trong he thong!
2026-07-05 17:44:14,295 - INFO - >>> Barrier CLOSE
2026-07-05 17:44:14,295 - INFO - >>>>===Step 2
2026-07-05 18:29:15,343 - INFO - ========================== ID nhan duoc: 3416214b9400a7360203bd78 =====================================
2026-07-05 18:29:15,374 - INFO - >>>>===Step 1
2026-07-05 18:29:15,384 - INFO - Bai xe con trong: 33 cho
2026-07-05 18:29:15,396 - INFO - >>> Barrier OPEN
2026-07-05 18:29:15,486 - INFO - ========****DATA RAW: 47 ****========
2026-07-05 18:29:15,496 - INFO - Thoi gian vao:2026-07-05 11:29:15.374351+00:00
2026-07-05 18:29:20,464 - INFO - >>> Barrier CLOSE
2026-07-05 18:29:20,465 - INFO - >>>>===Step 2
